\BOOKMARK [1][-]{section.1}{Uvod}{}% 1
\BOOKMARK [1][-]{section.2}{Zamisel}{}% 2
\BOOKMARK [1][-]{section.3}{Izzivi}{}% 3
\BOOKMARK [2][-]{subsection.3.1}{Odziven dizajn}{section.3}% 4
\BOOKMARK [2][-]{subsection.3.2}{Tilemapping}{section.3}% 5
\BOOKMARK [2][-]{subsection.3.3}{Detekcija kolizij}{section.3}% 6
\BOOKMARK [2][-]{subsection.3.4}{Sidescrolling - Pozicija v svetu}{section.3}% 7
\BOOKMARK [2][-]{subsection.3.5}{Generacija terena}{section.3}% 8
\BOOKMARK [2][-]{subsection.3.6}{Mobilen naicn / PC}{section.3}% 9
\BOOKMARK [2][-]{subsection.3.7}{Enemy}{section.3}% 10
\BOOKMARK [2][-]{subsection.3.8}{Konec igre}{section.3}% 11
\BOOKMARK [2][-]{subsection.3.9}{Player power - spawn tiles}{section.3}% 12
\BOOKMARK [2][-]{subsection.3.10}{Player power - unicevanje blokov}{section.3}% 13
\BOOKMARK [2][-]{subsection.3.11}{Player power - potres}{section.3}% 14
\BOOKMARK [2][-]{subsection.3.12}{Zvocni efekti}{section.3}% 15
\BOOKMARK [2][-]{subsection.3.13}{Vibracijski efekti}{section.3}% 16
\BOOKMARK [1][-]{section.4}{Game mechanics}{}% 17
\BOOKMARK [2][-]{subsection.4.1}{Unicevanje blokov}{section.4}% 18
\BOOKMARK [2][-]{subsection.4.2}{Double jump}{section.4}% 19
\BOOKMARK [2][-]{subsection.4.3}{Potres}{section.4}% 20
\BOOKMARK [2][-]{subsection.4.4}{PC}{section.4}% 21
\BOOKMARK [2][-]{subsection.4.5}{Mobile}{section.4}% 22
\BOOKMARK [1][-]{section.5}{Podprte naprave}{}% 23
\BOOKMARK [1][-]{section.6}{Koncna misel}{}% 24
\BOOKMARK [1][-]{section.7}{Koda in kontakt}{}% 25
